<?xml version="1.0" encoding="utf-8"?><testsuites name="pytest tests"><testsuite name="pytest" errors="0" failures="0" skipped="0" tests="23" time="12.522" timestamp="2026-06-17T12:32:38.356319+00:00" hostname="agent-env-d0bccd10-f058-45d9-9276-68ce0dc91940"><testcase classname="test_auth.TestSignup" name="test_signup_success" time="0.497" /><testcase classname="test_auth.TestSignup" name="test_signup_duplicate_email_409" time="0.328" /><testcase classname="test_auth.TestLogin" name="test_login_success" time="0.270" /><testcase classname="test_auth.TestLogin" name="test_login_wrong_password_401" time="0.272" /><testcase classname="test_auth.TestLogin" name="test_login_unknown_email_401" time="0.044" /><testcase classname="test_auth.TestMe" name="test_me_returns_user_no_secrets" time="0.048" /><testcase classname="test_auth.TestMe" name="test_me_no_token_401" time="0.043" /><testcase classname="test_revision_and_stats.TestRevisionStart400" name="test_start_revision_less_than_5_words_400" time="0.334" /><testcase classname="test_revision_and_stats.TestRevisionFlow" name="test_start_revision_with_5plus" time="0.345" /><testcase classname="test_revision_and_stats.TestRevisionFlow" name="test_revision_answer_invalid" time="0.141" /><testcase classname="test_revision_and_stats.TestRevisionFlow" name="test_revision_answer_success_all_words" time="4.757" /><testcase classname="test_revision_and_stats.TestRevisionFlow" name="test_revision_finish_idempotent" time="0.092" /><testcase classname="test_revision_and_stats.TestRevisionFlow" name="test_revision_history" time="0.052" /><testcase classname="test_revision_and_stats.TestStats" name="test_stats_basic" time="0.075" /><testcase classname="test_words_and_practice.TestTodayWord" name="test_today_first_call_generates" time="1.176" /><testcase classname="test_words_and_practice.TestTodayWord" name="test_today_idempotent_same_day" time="0.046" /><testcase classname="test_words_and_practice.TestTodayWord" name="test_today_uniqueness_across_days" time="1.713" /><testcase classname="test_words_and_practice.TestWordsList" name="test_words_list_returns_sorted_with_practiced" time="0.046" /><testcase classname="test_words_and_practice.TestWordsList" name="test_word_by_id_owner" time="0.089" /><testcase classname="test_words_and_practice.TestWordsList" name="test_word_by_id_unknown_404" time="0.044" /><testcase classname="test_words_and_practice.TestPractice" name="test_practice_invalid_empty_sentences_400" time="0.089" /><testcase classname="test_words_and_practice.TestPractice" name="test_practice_unknown_word_404" time="0.050" /><testcase classname="test_words_and_practice.TestPractice" name="test_practice_success_then_today_practiced_true" time="1.917" /></testsuite></testsuites>